\BOOKMARK [1][-]{section.1}{Introduction and Related Work}{}% 1
\BOOKMARK [2][-]{subsection.1.1}{Aggregation and Segregation}{section.1}% 2
\BOOKMARK [2][-]{subsection.1.2}{Robots That Do Not Compute}{section.1}% 3
\BOOKMARK [1][-]{section.2}{Methodology}{}% 4
\BOOKMARK [2][-]{subsection.2.1}{Problem Formulation}{section.2}% 5
\BOOKMARK [2][-]{subsection.2.2}{Simulation Environment}{section.2}% 6
\BOOKMARK [2][-]{subsection.2.3}{Evolving Segregation}{section.2}% 7
\BOOKMARK [2][-]{subsection.2.4}{Cost Functions}{section.2}% 8
\BOOKMARK [2][-]{subsection.2.5}{Grid Search}{section.2}% 9
\BOOKMARK [1][-]{section.3}{The Emergent Behavior}{}% 10
\BOOKMARK [1][-]{section.4}{Controller Analysis}{}% 11
\BOOKMARK [2][-]{subsection.4.1}{Aggregation of Two Kin}{section.4}% 12
\BOOKMARK [2][-]{subsection.4.2}{Aggregation with Ring of Kin}{section.4}% 13
\BOOKMARK [2][-]{subsection.4.3}{Segregation}{section.4}% 14
\BOOKMARK [2][-]{subsection.4.4}{Application to Real Swarm Robots}{section.4}% 15
\BOOKMARK [1][-]{section.5}{Experimental Results}{}% 16
\BOOKMARK [2][-]{subsection.5.1}{Evaluating the centroid-of-centroids cost function}{section.5}% 17
\BOOKMARK [2][-]{subsection.5.2}{Scalability Study}{section.5}% 18
\BOOKMARK [2][-]{subsection.5.3}{The Effect of Implementation Details of the sensor}{section.5}% 19
\BOOKMARK [2][-]{subsection.5.4}{The Effect of the Beam Angle}{section.5}% 20
\BOOKMARK [2][-]{subsection.5.5}{The Effect of Beam Length}{section.5}% 21
\BOOKMARK [1][-]{section.6}{Conclusion}{}% 22
\BOOKMARK [1][-]{section*.1}{References}{}% 23
\BOOKMARK [1][-]{section*.2}{Appendix}{}% 24
\BOOKMARK [2][-]{subsection.Appendix.A.1}{Grid Search Images}{section*.2}% 25
